<?xml version="1.0" encoding="UTF-8"?>
<testng-results ignored="1" total="2" passed="1" failed="0" skipped="0">
  <reporter-output>
  </reporter-output>
  <suite started-at="2022-01-17T16:25:39 IST" name="Default suite" finished-at="2022-01-17T16:25:48 IST" duration-ms="9206">
    <groups>
    </groups>
    <test started-at="2022-01-17T16:25:39 IST" name="Default test" finished-at="2022-01-17T16:25:48 IST" duration-ms="9206">
      <class name="tests.ExcelDriven">
        <test-method signature="addBookN()[pri:0, instance:tests.ExcelDriven@37654521]" started-at="2022-01-17T16:25:39 IST" name="addBookN" finished-at="2022-01-17T16:25:48 IST" duration-ms="9084" status="PASS">
          <reporter-output>
          </reporter-output>
        </test-method> <!-- addBookN -->
      </class> <!-- tests.ExcelDriven -->
    </test> <!-- Default test -->
  </suite> <!-- Default suite -->
</testng-results>
