<?xml version="1.0" encoding="UTF-8"?>
<testng-results skipped="0" failed="0" ignored="1" total="2" passed="1">
  <reporter-output>
  </reporter-output>
  <suite name="Default suite" duration-ms="7117" started-at="2021-12-22T14:04:52 IST" finished-at="2021-12-22T14:04:59 IST">
    <groups>
    </groups>
    <test name="Default test" duration-ms="7117" started-at="2021-12-22T14:04:52 IST" finished-at="2021-12-22T14:04:59 IST">
      <class name="tests.StaticJsonExternal">
        <test-method status="PASS" signature="addBook2()[pri:0, instance:tests.StaticJsonExternal@7f13d6e]" name="addBook2" duration-ms="7010" started-at="2021-12-22T14:04:52 IST" finished-at="2021-12-22T14:04:59 IST">
          <reporter-output>
          </reporter-output>
        </test-method> <!-- addBook2 -->
      </class> <!-- tests.StaticJsonExternal -->
    </test> <!-- Default test -->
  </suite> <!-- Default suite -->
</testng-results>
